<?xml version="1.0" encoding="UTF-8"?>
<!-- Generated by org.testng.reporters.JUnitXMLReporter -->
<testsuite ignored="0" hostname="Haribhau" failures="0" tests="7" name="Test" time="120.116" errors="0" timestamp="2023-04-20T10:09:16 IST">
  <testcase classname="testclass.autosuggest_DropdownTest" name="autosuggestionselect" time="9.257"/>
  <testcase classname="testclass.calender_currentdateSelectTest" name="Currentdate_select" time="9.769"/>
  <testcase classname="testclass.calender_AnydateSelectTest" name="calselect" time="15.508"/>
  <testcase classname="testclass.popup" name="popupclose" time="8.807"/>
  <testcase classname="testclass.staticDrodown_test" name="dropdownselect" time="26.856"/>
  <testcase classname="testclass.mouseActions" name="mouseAction1" time="38.381"/>
  <testcase classname="testclass.scroll_drag_drop" name="scroll_drag_dropTest" time="11.331"/>
</testsuite> <!-- Test -->
