<?xml version="1.0" encoding="UTF-8"?>
<!-- Generated by org.testng.reporters.JUnitXMLReporter -->
<testsuite ignored="0" hostname="Haribhau" failures="0" tests="10" name="Test" time="118.035" errors="0" timestamp="2023-04-24T23:30:32 IST">
  <testcase classname="testclass.takeScreenShot" name="screenshot" time="17.919"/>
  <testcase classname="testclass.autosuggest_DropdownTest" name="autosuggestionselect" time="4.565"/>
  <testcase classname="testclass.calender_currentdateSelectTest" name="Currentdate_select" time="7.783"/>
  <testcase classname="testclass.popup" name="popupclose" time="5.079"/>
  <testcase classname="testclass.calender_AnydateSelectTest" name="calselect" time="11.357"/>
  <testcase classname="testclass.wordfile" name="copysnapintoWrodfile" time="14.258"/>
  <testcase classname="testclass.windowHandle" name="windowhandlerMethod" time="27.177"/>
  <testcase classname="testclass.mouseActions" name="mouseAction1" time="11.542"/>
  <testcase classname="testclass.staticDrodown_test" name="dropdownselect" time="10.192"/>
  <testcase classname="testclass.scroll_drag_drop" name="scroll_drag_dropTest" time="7.836"/>
</testsuite> <!-- Test -->
