<?xml version="1.0" encoding="UTF-8"?>
<testng-results ignored="0" total="7" passed="7" failed="0" skipped="0">
  <reporter-output>
  </reporter-output>
  <suite started-at="2023-04-20T10:07:16 IST" name="Suite" finished-at="2023-04-20T10:09:16 IST" duration-ms="120116">
    <groups>
    </groups>
    <test started-at="2023-04-20T10:07:16 IST" name="Test" finished-at="2023-04-20T10:09:16 IST" duration-ms="120116">
      <class name="testclass.autosuggest_DropdownTest">
        <test-method signature="autosuggestionselect()[pri:2, instance:testclass.autosuggest_DropdownTest@1046d517]" started-at="2023-04-20T10:07:16 IST" name="autosuggestionselect" description="autosuggestion dropdownselect test" finished-at="2023-04-20T10:07:25 IST" duration-ms="9257" status="PASS">
          <reporter-output>
          </reporter-output>
        </test-method> <!-- autosuggestionselect -->
      </class> <!-- testclass.autosuggest_DropdownTest -->
      <class name="testclass.calender_currentdateSelectTest">
        <test-method signature="Currentdate_select()[pri:0, instance:testclass.calender_currentdateSelectTest@7a1a14a4]" started-at="2023-04-20T10:07:25 IST" name="Currentdate_select" finished-at="2023-04-20T10:07:35 IST" duration-ms="9769" status="PASS">
          <reporter-output>
          </reporter-output>
        </test-method> <!-- Currentdate_select -->
      </class> <!-- testclass.calender_currentdateSelectTest -->
      <class name="testclass.popup">
        <test-method signature="popupclose()[pri:0, instance:testclass.popup@a3d9978]" started-at="2023-04-20T10:07:50 IST" name="popupclose" finished-at="2023-04-20T10:07:59 IST" duration-ms="8807" status="PASS">
          <reporter-output>
          </reporter-output>
        </test-method> <!-- popupclose -->
      </class> <!-- testclass.popup -->
      <class name="testclass.calender_AnydateSelectTest">
        <test-method signature="calselect()[pri:1, instance:testclass.calender_AnydateSelectTest@265adfad]" started-at="2023-04-20T10:07:35 IST" name="calselect" description=" " finished-at="2023-04-20T10:07:50 IST" duration-ms="15508" status="PASS">
          <reporter-output>
          </reporter-output>
        </test-method> <!-- calselect -->
      </class> <!-- testclass.calender_AnydateSelectTest -->
      <class name="testclass.mouseActions">
        <test-method signature="mouseAction1()[pri:0, instance:testclass.mouseActions@4b41dd5c]" started-at="2023-04-20T10:08:26 IST" name="mouseAction1" finished-at="2023-04-20T10:09:04 IST" duration-ms="38381" status="PASS">
          <reporter-output>
          </reporter-output>
        </test-method> <!-- mouseAction1 -->
      </class> <!-- testclass.mouseActions -->
      <class name="testclass.staticDrodown_test">
        <test-method signature="dropdownselect()[pri:1, instance:testclass.staticDrodown_test@61544ae6]" started-at="2023-04-20T10:07:59 IST" name="dropdownselect" description="validation of staticdropdownselect webelement" finished-at="2023-04-20T10:08:26 IST" duration-ms="26856" status="PASS">
          <reporter-output>
          </reporter-output>
        </test-method> <!-- dropdownselect -->
      </class> <!-- testclass.staticDrodown_test -->
      <class name="testclass.scroll_drag_drop">
        <test-method signature="scroll_drag_dropTest()[pri:0, instance:testclass.scroll_drag_drop@3b96c42e]" started-at="2023-04-20T10:09:04 IST" name="scroll_drag_dropTest" finished-at="2023-04-20T10:09:16 IST" duration-ms="11331" status="PASS">
          <reporter-output>
          </reporter-output>
        </test-method> <!-- scroll_drag_dropTest -->
      </class> <!-- testclass.scroll_drag_drop -->
    </test> <!-- Test -->
  </suite> <!-- Suite -->
</testng-results>
