<?xml version="1.0" encoding="UTF-8"?>
<testng-results ignored="0" total="10" passed="10" failed="0" skipped="0">
  <reporter-output>
  </reporter-output>
  <suite started-at="2023-04-24T23:28:34 IST" name="Suite" finished-at="2023-04-24T23:30:32 IST" duration-ms="118035">
    <groups>
    </groups>
    <test started-at="2023-04-24T23:28:34 IST" name="Test" finished-at="2023-04-24T23:30:32 IST" duration-ms="118035">
      <class name="testclass.wordfile">
        <test-method signature="copysnapintoWrodfile()[pri:0, instance:testclass.wordfile@3cdf2c61]" started-at="2023-04-24T23:29:21 IST" name="copysnapintoWrodfile" finished-at="2023-04-24T23:29:35 IST" duration-ms="14258" status="PASS">
          <reporter-output>
          </reporter-output>
        </test-method> <!-- copysnapintoWrodfile -->
      </class> <!-- testclass.wordfile -->
      <class name="testclass.autosuggest_DropdownTest">
        <test-method signature="autosuggestionselect()[pri:2, instance:testclass.autosuggest_DropdownTest@30e868be]" started-at="2023-04-24T23:28:52 IST" name="autosuggestionselect" description="autosuggestion dropdownselect test" finished-at="2023-04-24T23:28:57 IST" duration-ms="4565" status="PASS">
          <reporter-output>
          </reporter-output>
        </test-method> <!-- autosuggestionselect -->
      </class> <!-- testclass.autosuggest_DropdownTest -->
      <class name="testclass.calender_currentdateSelectTest">
        <test-method signature="Currentdate_select()[pri:0, instance:testclass.calender_currentdateSelectTest@66c92293]" started-at="2023-04-24T23:28:57 IST" name="Currentdate_select" finished-at="2023-04-24T23:29:05 IST" duration-ms="7783" status="PASS">
          <reporter-output>
          </reporter-output>
        </test-method> <!-- Currentdate_select -->
      </class> <!-- testclass.calender_currentdateSelectTest -->
      <class name="testclass.calender_AnydateSelectTest">
        <test-method signature="calselect()[pri:1, instance:testclass.calender_AnydateSelectTest@4f0100a7]" started-at="2023-04-24T23:29:10 IST" name="calselect" description=" " finished-at="2023-04-24T23:29:21 IST" duration-ms="11357" status="PASS">
          <reporter-output>
          </reporter-output>
        </test-method> <!-- calselect -->
      </class> <!-- testclass.calender_AnydateSelectTest -->
      <class name="testclass.popup">
        <test-method signature="popupclose()[pri:0, instance:testclass.popup@332796d3]" started-at="2023-04-24T23:29:05 IST" name="popupclose" finished-at="2023-04-24T23:29:10 IST" duration-ms="5079" status="PASS">
          <reporter-output>
          </reporter-output>
        </test-method> <!-- popupclose -->
      </class> <!-- testclass.popup -->
      <class name="testclass.staticDrodown_test">
        <test-method signature="dropdownselect()[pri:1, instance:testclass.staticDrodown_test@5bf0fe62]" started-at="2023-04-24T23:30:14 IST" name="dropdownselect" description="validation of staticdropdownselect webelement" finished-at="2023-04-24T23:30:24 IST" duration-ms="10192" status="PASS">
          <reporter-output>
          </reporter-output>
        </test-method> <!-- dropdownselect -->
      </class> <!-- testclass.staticDrodown_test -->
      <class name="testclass.mouseActions">
        <test-method signature="mouseAction1()[pri:0, instance:testclass.mouseActions@1c33c17b]" started-at="2023-04-24T23:30:03 IST" name="mouseAction1" finished-at="2023-04-24T23:30:14 IST" duration-ms="11542" status="PASS">
          <reporter-output>
          </reporter-output>
        </test-method> <!-- mouseAction1 -->
      </class> <!-- testclass.mouseActions -->
      <class name="testclass.windowHandle">
        <test-method signature="windowhandlerMethod()[pri:0, instance:testclass.windowHandle@13ad5cd3]" started-at="2023-04-24T23:29:35 IST" name="windowhandlerMethod" finished-at="2023-04-24T23:30:03 IST" duration-ms="27177" status="PASS">
          <reporter-output>
          </reporter-output>
        </test-method> <!-- windowhandlerMethod -->
      </class> <!-- testclass.windowHandle -->
      <class name="testclass.scroll_drag_drop">
        <test-method signature="scroll_drag_dropTest()[pri:0, instance:testclass.scroll_drag_drop@1e097d59]" started-at="2023-04-24T23:30:24 IST" name="scroll_drag_dropTest" finished-at="2023-04-24T23:30:32 IST" duration-ms="7836" status="PASS">
          <reporter-output>
          </reporter-output>
        </test-method> <!-- scroll_drag_dropTest -->
      </class> <!-- testclass.scroll_drag_drop -->
      <class name="testclass.takeScreenShot">
        <test-method signature="screenshot()[pri:0, instance:testclass.takeScreenShot@5f9be66c]" started-at="2023-04-24T23:28:34 IST" name="screenshot" finished-at="2023-04-24T23:28:52 IST" duration-ms="17919" status="PASS">
          <reporter-output>
          </reporter-output>
        </test-method> <!-- screenshot -->
      </class> <!-- testclass.takeScreenShot -->
    </test> <!-- Test -->
  </suite> <!-- Suite -->
</testng-results>
